<?xml version="1.0" encoding="UTF-8"?>
<!-- Generated by org.testng.reporters.JUnitReportReporter -->
<testsuite skipped="0" hostname="TheZMan" name="basics.TestNGExample" tests="2" failures="0" timestamp="17 Jan 2018 01:15:47 GMT" time="23.780" errors="0">
  <testcase name="testCase1" time="5.919" classname="basics.TestNGExample"/>
  <testcase name="testCase2" time="17.861" classname="basics.TestNGExample"/>
</testsuite> <!-- basics.TestNGExample -->
