<?xml version="1.0" encoding="UTF-8"?>
<!-- Generated by org.testng.reporters.JUnitReportReporter -->
<testsuite skipped="0" hostname="TheZMan" name="testng.Exercise1" tests="4" failures="0" timestamp="17 Jan 2018 01:42:13 GMT" time="15.778" errors="0">
  <testcase name="testCase1" time="5.487" classname="testng.Exercise1"/>
  <testcase name="testCase2" time="3.634" classname="testng.Exercise1"/>
  <testcase name="testCase3" time="3.347" classname="testng.Exercise1"/>
  <testcase name="testCase4" time="3.310" classname="testng.Exercise1"/>
</testsuite> <!-- testng.Exercise1 -->
