<?xml version="1.0" encoding="UTF-8"?>
<!-- Generated by org.testng.reporters.JUnitReportReporter -->
<testsuite skipped="0" hostname="TheZMan" name="testng.Assignment5Peco3" tests="4" failures="0" timestamp="17 Jan 2018 22:14:58 GMT" time="16.716" errors="0">
  <testcase name="testCase1" time="4.209" classname="testng.Assignment5Peco3"/>
  <testcase name="testCase4" time="4.184" classname="testng.Assignment5Peco3"/>
  <testcase name="testCase2" time="4.177" classname="testng.Assignment5Peco3"/>
  <testcase name="testCase3" time="4.146" classname="testng.Assignment5Peco3"/>
</testsuite> <!-- testng.Assignment5Peco3 -->
