<?xml version="1.0" encoding="UTF-8"?>
<!-- Generated by org.testng.reporters.JUnitReportReporter -->
<testsuite skipped="0" hostname="TheZMan" name="testng.AssessmentTC1" tests="2" failures="0" timestamp="19 Jan 2018 12:53:30 GMT" time="14.288" errors="0">
  <testcase name="testCase1" time="7.464" classname="testng.AssessmentTC1"/>
  <testcase name="testCase2" time="6.824" classname="testng.AssessmentTC1"/>
</testsuite> <!-- testng.AssessmentTC1 -->
