<?xml version="1.0" encoding="UTF-8"?>
<!-- Generated by org.testng.reporters.JUnitReportReporter -->
<testsuite skipped="0" hostname="TheZMan" name="testng.Assignment5Peco2" tests="1" failures="0" timestamp="17 Jan 2018 22:05:39 GMT" time="6.716" errors="0">
  <testcase name="testCase1" time="6.716" classname="testng.Assignment5Peco2"/>
</testsuite> <!-- testng.Assignment5Peco2 -->
